[2026-03-02 13:32:40] INFO: Mandala Chart backend running on http://localhost:3001
[2026-03-02 14:27:21] INFO: Mandala Chart backend running on http://localhost:3001
[2026-03-02 19:00:23] INFO: Mandala Chart backend running on http://localhost:3001
[2026-03-02 19:00:54] INFO: POST /api/projects
[2026-03-02 19:01:41] INFO: PUT /api/projects/03d831e0-85e3-45e1-be4e-3743f2454063
[2026-03-02 19:02:47] INFO: POST /api/ai/generate-pillars
[2026-03-02 19:02:47] INFO: AI generate-pillars: "financially stable and live happily"
[2026-03-02 19:02:47] ERROR: AI generate-pillars error: 401 {"error":{"message":"Invalid API Key","type":"invalid_request_error","code":"invalid_api_key"}}
[2026-03-02 19:03:01] INFO: PUT /api/projects/03d831e0-85e3-45e1-be4e-3743f2454063
[2026-03-02 19:05:07] INFO: Mandala Chart backend running on http://localhost:3001
[2026-03-02 19:05:19] INFO: POST /api/ai/generate-pillars
[2026-03-02 19:05:19] INFO: AI generate-pillars: "financially stable and live happily"
[2026-03-02 19:05:36] INFO: PUT /api/projects/03d831e0-85e3-45e1-be4e-3743f2454063
[2026-03-02 19:05:43] INFO: POST /api/ai/breakdown
[2026-03-02 19:05:43] INFO: AI breakdown: "Develop Financial Literacy and Planning"
[2026-03-02 19:06:01] INFO: PUT /api/projects/03d831e0-85e3-45e1-be4e-3743f2454063
[2026-03-02 19:06:25] INFO: PUT /api/projects/03d831e0-85e3-45e1-be4e-3743f2454063
[2026-03-02 19:20:15] INFO: Mandala Chart backend running on http://localhost:3001
[2026-03-02 19:20:20] INFO: POST /api/projects
[2026-03-02 19:24:14] INFO: POST /api/projects
[2026-03-02 19:24:35] INFO: POST /api/projects
[2026-03-02 19:25:20] INFO: POST /api/projects
[2026-03-02 19:25:42] INFO: GET /api/projects
[2026-03-02 19:25:44] INFO: GET /api/projects/26cee403-6b66-4c03-ad33-5298fa9069e2
[2026-03-02 19:26:58] INFO: GET /api/health
[2026-03-02 19:26:59] INFO: GET /favicon.ico
[2026-03-02 19:27:08] INFO: POST /api/projects
[2026-03-02 19:28:08] INFO: GET /api/health
[2026-03-02 19:37:07] INFO: POST /api/projects
[2026-03-02 19:37:10] INFO: GET /api/projects
[2026-03-02 19:37:21] INFO: PUT /api/projects/b239aee0-c96f-42b2-8a6f-468cd2933979
[2026-03-02 19:37:39] INFO: POST /api/ai/generate-pillars
[2026-03-02 19:37:39] INFO: AI generate-pillars: "Jadi presiden"
[2026-03-02 19:37:52] INFO: POST /api/ai/breakdown
[2026-03-02 19:37:52] INFO: AI breakdown: "Mengembangkan Visi dan Misi yang Jelas"
[2026-03-02 19:40:24] INFO: PUT /api/projects/26cee403-6b66-4c03-ad33-5298fa9069e2
[2026-03-02 20:14:58] INFO: Mandala Chart backend running on http://localhost:3001
[2026-03-02 20:16:00] INFO: POST /api/ai/make-smart
[2026-03-02 20:16:00] INFO: AI make-smart: "Mengembangkan Jaringan dan Relasi"
[2026-03-02 20:16:24] INFO: PUT /api/projects/dde695ff-67f8-4905-a141-ba5f69e26df6
[2026-03-02 20:16:58] INFO: PUT /api/projects/dde695ff-67f8-4905-a141-ba5f69e26df6
[2026-03-02 20:17:20] INFO: PUT /api/projects/dde695ff-67f8-4905-a141-ba5f69e26df6
[2026-03-02 20:17:59] INFO: PUT /api/projects/dde695ff-67f8-4905-a141-ba5f69e26df6
[2026-03-02 20:19:35] INFO: PUT /api/projects/dde695ff-67f8-4905-a141-ba5f69e26df6
[2026-03-02 20:55:17] INFO: Mandala Chart backend running on http://localhost:3001
[2026-03-02 20:55:41] INFO: GET /
[2026-03-02 20:55:41] INFO: GET /favicon.ico
[2026-03-02 20:57:14] INFO: Mandala Chart backend running on http://localhost:3001
[2026-03-02 20:57:57] INFO: Mandala Chart backend running on http://localhost:3001
[2026-03-02 20:58:28] INFO: GET /
[2026-03-02 20:58:28] INFO: GET /favicon.ico
[2026-03-02 20:58:40] INFO: POST /api/ai/generate-pillars
[2026-03-02 20:58:40] INFO: AI generate-pillars: "Memajukan Karier"
[2026-03-02 20:58:58] INFO: PUT /api/projects/dde695ff-67f8-4905-a141-ba5f69e26df6
[2026-03-02 20:59:09] INFO: POST /api/ai/breakdown
[2026-03-02 20:59:09] INFO: AI breakdown: "Jaringan Profesional"
[2026-03-02 20:59:16] INFO: POST /api/ai/generate-pillars
[2026-03-02 20:59:16] INFO: AI generate-pillars: "Memajukan Karier"
[2026-03-02 20:59:19] INFO: POST /api/ai/generate-pillars
[2026-03-02 20:59:19] INFO: AI generate-pillars: "Memajukan Karier"
[2026-03-02 20:59:22] INFO: POST /api/ai/breakdown
[2026-03-02 20:59:22] INFO: AI breakdown: "Membangun Jaringan Profesional"
[2026-03-02 20:59:26] INFO: POST /api/ai/make-smart
[2026-03-02 20:59:26] INFO: AI make-smart: "Membangun Jaringan Profesional"
[2026-03-02 20:59:48] INFO: PUT /api/projects/dde695ff-67f8-4905-a141-ba5f69e26df6
[2026-03-02 20:59:53] INFO: POST /api/ai/generate-pillars
[2026-03-02 20:59:53] INFO: AI generate-pillars: "jadi presiden"
[2026-03-02 20:59:58] INFO: POST /api/ai/breakdown
[2026-03-02 20:59:58] INFO: AI breakdown: "Meningkatkan Kapasitas Intelektual"
[2026-03-02 21:00:28] INFO: POST /api/ai/generate-pillars
[2026-03-02 21:00:28] INFO: AI generate-pillars: "Jadi orang sukses"
[2026-03-02 21:00:46] INFO: PUT /api/projects/3576d48d-08ea-4481-82bc-bdfec7309421
[2026-03-02 21:01:02] INFO: POST /api/ai/breakdown
[2026-03-02 21:01:02] INFO: AI breakdown: "Jadi kaigo di jepang"
[2026-03-02 21:01:19] INFO: PUT /api/projects/3576d48d-08ea-4481-82bc-bdfec7309421
[2026-03-02 21:25:05] INFO: Mandala Chart backend running on http://localhost:3001
[2026-03-02 21:26:06] INFO: GET /api/projects
[2026-03-02 21:36:30] INFO: Mandala Chart backend running on http://localhost:3001
[2026-03-02 21:37:32] INFO: PUT /api/projects/3576d48d-08ea-4481-82bc-bdfec7309421
[2026-03-02 21:40:19] INFO: Mandala Chart backend running on http://localhost:3001
[2026-03-02 21:40:47] INFO: PUT /api/projects/3576d48d-08ea-4481-82bc-bdfec7309421
[2026-03-02 21:43:03] INFO: Mandala Chart backend running on http://localhost:3001
[2026-03-02 21:43:24] INFO: PUT /api/projects/3576d48d-08ea-4481-82bc-bdfec7309421
[2026-03-02 21:43:42] INFO: GET /api/projects
[2026-03-02 21:44:14] INFO: PUT /api/projects/1fd278be-c397-4dec-96f0-410248713782
[2026-03-02 21:44:18] INFO: POST /api/ai/generate-pillars
[2026-03-02 21:44:18] INFO: AI generate-pillars: "Menjadi Ultraman"
[2026-03-02 21:44:23] INFO: POST /api/projects
[2026-03-02 21:44:36] INFO: PUT /api/projects/1fd278be-c397-4dec-96f0-410248713782
[2026-03-02 21:44:40] INFO: GET /api/projects
[2026-03-02 21:44:55] INFO: GET /api/projects
[2026-03-02 21:44:59] INFO: PUT /api/projects/3af1b530-5d16-4b72-9bc6-b8ee63db12a7
[2026-03-02 21:45:02] INFO: GET /api/projects
[2026-03-02 21:45:07] INFO: PUT /api/projects/3af1b530-5d16-4b72-9bc6-b8ee63db12a7
[2026-03-02 22:37:32] INFO: Mandala Chart backend running on http://localhost:3001
[2026-03-02 22:37:53] INFO: POST /api/ai/breakdown
[2026-03-02 22:37:53] INFO: AI breakdown: "Mengembangkan Kemampuan Psikis"
[2026-03-02 22:38:48] INFO: POST /api/ai/breakdown
[2026-03-02 22:38:48] INFO: AI breakdown: "Menguasai Teknologi Canggih"
[2026-03-02 22:39:06] INFO: PUT /api/projects/3af1b530-5d16-4b72-9bc6-b8ee63db12a7
[2026-03-02 22:39:33] INFO: Mandala Chart backend running on http://localhost:3001
